<?xml version="1.0" encoding="UTF-8"?>
<testsuite name="FlashcardsTest" tests="1" skipped="0" failures="0" errors="0" timestamp="2020-10-22T12:43:59" hostname="NEC" time="0.325">
  <properties/>
  <testcase name="start" classname="FlashcardsTest" time="0.325"/>
  <system-out><![CDATA[?[1;31m
Start test 1?[0m
Input the action (add, remove, import, export, ask, exit, log, hardest card, reset stats):
> export
File name:
> capitals.txt
0 cards have been saved.
Input the action (add, remove, import, export, ask, exit, log, hardest card, reset stats):
> export
File name:
> capitalsNew.txt
0 cards have been saved.
Input the action (add, remove, import, export, ask, exit, log, hardest card, reset stats):
> exit
Bye bye!
?[1;31m
Start test 2?[0m
Input the action (add, remove, import, export, ask, exit, log, hardest card, reset stats):
> add
The card:
> France
The definition of the card:
> Paris
The pair ("France":"Paris") has been added.
Input the action (add, remove, import, export, ask, exit, log, hardest card, reset stats):
> add
The card:
> Russia
The definition of the card:
> Moscow
The pair ("Russia":"Moscow") has been added.
Input the action (add, remove, import, export, ask, exit, log, hardest card, reset stats):
> ask
How many times to ask?
> 3
Print the definition of "France":
> France
Wrong. The right answer is "Paris".
Print the definition of "France":
> ??
Wrong. The right answer is "Paris".
Print the definition of "France":
> 
Wrong. The right answer is "Paris".
Input the action (add, remove, import, export, ask, exit, log, hardest card, reset stats):
> exit
Bye bye!
2 cards have been saved.
?[1;31m
Start test 3?[0m
2 cards have been loaded.
Input the action (add, remove, import, export, ask, exit, log, hardest card, reset stats):
> add
The card:
> Japan
The definition of the card:
> Tokyo
The pair ("Japan":"Tokyo") has been added.
Input the action (add, remove, import, export, ask, exit, log, hardest card, reset stats):
> ask
How many times to ask?
> 3
Print the definition of "France":
> Moscow
Wrong. The right answer is "Paris", but your definition is correct for "Russia".
Print the definition of "France":
> Paris
Correct!
Print the definition of "France":
> Tokyo
Wrong. The right answer is "Paris", but your definition is correct for "Japan".
Input the action (add, remove, import, export, ask, exit, log, hardest card, reset stats):
> exit
Bye bye!
3 cards have been saved.
?[1;31m
Start test 4?[0m
3 cards have been loaded.
Input the action (add, remove, import, export, ask, exit, log, hardest card, reset stats):
> ask
How many times to ask?
> 3
Print the definition of "France":
> Moscow
Wrong. The right answer is "Paris", but your definition is correct for "Russia".
Print the definition of "Japan":
> Paris
Wrong. The right answer is "Tokyo", but your definition is correct for "France".
Print the definition of "France":
> Tokyo
Wrong. The right answer is "Paris", but your definition is correct for "Japan".
Input the action (add, remove, import, export, ask, exit, log, hardest card, reset stats):
> remove
The card:
> Japan
The card has been removed.
Input the action (add, remove, import, export, ask, exit, log, hardest card, reset stats):
> exit
Bye bye!
2 cards have been saved.
?[1;31m
Start test 5?[0m
2 cards have been loaded.
Input the action (add, remove, import, export, ask, exit, log, hardest card, reset stats):
> exit
Bye bye!
]]></system-out>
  <system-err><![CDATA[]]></system-err>
</testsuite>
